[25-Jul-2020 05:07:01 UTC] PHP Parse error:  syntax error, unexpected ';' in C:\wamp64\www\get_files\panel\notification.php on line 62
[25-Jul-2020 05:07:52 UTC] PHP Parse error:  syntax error, unexpected ';' in C:\wamp64\www\get_files\panel\notification.php on line 62
[25-Jul-2020 05:11:26 UTC] PHP Fatal error:  Uncaught Error: Call to undefined function notify() in C:\wamp64\www\get_files\panel\notification.php:53
Stack trace:
#0 {main}
  thrown in C:\wamp64\www\get_files\panel\notification.php on line 53
[25-Jul-2020 05:11:48 UTC] PHP Fatal error:  Uncaught Error: Call to undefined function notify() in C:\wamp64\www\get_files\panel\notification.php:53
Stack trace:
#0 {main}
  thrown in C:\wamp64\www\get_files\panel\notification.php on line 53
[31-Jul-2020 00:24:03 UTC] PHP Notice:  Undefined variable: con in C:\wamp64\www\get_files\panel\index.php on line 15
[31-Jul-2020 00:24:03 UTC] PHP Stack trace:
[31-Jul-2020 00:24:03 UTC] PHP   1. {main}() C:\wamp64\www\get_files\panel\index.php:0
[31-Jul-2020 00:24:03 UTC] PHP Fatal error:  Uncaught Error: Call to a member function prepare() on null in C:\wamp64\www\get_files\panel\index.php:15
Stack trace:
#0 {main}
  thrown in C:\wamp64\www\get_files\panel\index.php on line 15
[31-Jul-2020 00:39:00 UTC] PHP Fatal error:  Uncaught Error: Call to undefined method PDOStatement::execue() in C:\wamp64\www\get_files\panel\add_yoga_details.php:109
Stack trace:
#0 {main}
  thrown in C:\wamp64\www\get_files\panel\add_yoga_details.php on line 109
[31-Jul-2020 00:42:36 UTC] PHP Warning:  PDOStatement::execute(): SQLSTATE[HY093]: Invalid parameter number: number of bound variables does not match number of tokens in C:\wamp64\www\get_files\panel\add_yoga_details.php on line 109
[31-Jul-2020 00:42:36 UTC] PHP Stack trace:
[31-Jul-2020 00:42:36 UTC] PHP   1. {main}() C:\wamp64\www\get_files\panel\add_yoga_details.php:0
[31-Jul-2020 00:42:36 UTC] PHP   2. PDOStatement->execute() C:\wamp64\www\get_files\panel\add_yoga_details.php:109
[31-Jul-2020 00:55:15 UTC] PHP Parse error:  syntax error, unexpected 'checkbox' (T_STRING), expecting ',' or ';' in C:\wamp64\www\get_files\panel\shedule.php on line 52
[31-Jul-2020 00:55:41 UTC] PHP Parse error:  syntax error, unexpected 'checkbox' (T_STRING), expecting ',' or ';' in C:\wamp64\www\get_files\panel\shedule.php on line 52
[31-Jul-2020 02:02:24 UTC] PHP Parse error:  syntax error, unexpected '=' in C:\wamp64\www\get_files\panel\shedule.php on line 94
[31-Jul-2020 02:02:46 UTC] PHP Warning:  Use of undefined constant exp_data - assumed 'exp_data' (this will throw an Error in a future version of PHP) in C:\wamp64\www\get_files\panel\shedule.php on line 96
[31-Jul-2020 02:02:46 UTC] PHP Stack trace:
[31-Jul-2020 02:02:46 UTC] PHP   1. {main}() C:\wamp64\www\get_files\panel\shedule.php:0
[31-Jul-2020 02:02:46 UTC] PHP Warning:  count(): Parameter must be an array or an object that implements Countable in C:\wamp64\www\get_files\panel\shedule.php on line 96
[31-Jul-2020 02:02:46 UTC] PHP Stack trace:
[31-Jul-2020 02:02:46 UTC] PHP   1. {main}() C:\wamp64\www\get_files\panel\shedule.php:0
[31-Jul-2020 05:23:43 UTC] PHP Notice:  Undefined index: day in C:\wamp64\www\get_files\panel\edit_yoga.php on line 127
[31-Jul-2020 05:23:43 UTC] PHP Stack trace:
[31-Jul-2020 05:23:44 UTC] PHP   1. {main}() C:\wamp64\www\get_files\panel\edit_yoga.php:0
[02-Aug-2020 04:21:34 UTC] PHP Notice:  Undefined index: Id_data in C:\wamp64\www\get_files\panel\search_by_date.php on line 116
[02-Aug-2020 04:21:34 UTC] PHP Stack trace:
[02-Aug-2020 04:21:34 UTC] PHP   1. {main}() C:\wamp64\www\get_files\panel\search_by_date.php:0
[02-Aug-2020 04:23:50 UTC] PHP Parse error:  syntax error, unexpected '' (T_ENCAPSED_AND_WHITESPACE), expecting '-' or identifier (T_STRING) or variable (T_VARIABLE) or number (T_NUM_STRING) in C:\wamp64\www\get_files\panel\search_by_date.php on line 46
[02-Aug-2020 04:24:36 UTC] PHP Notice:  Undefined index: date in C:\wamp64\www\get_files\panel\search_by_date.php on line 44
[02-Aug-2020 04:24:36 UTC] PHP Stack trace:
[02-Aug-2020 04:24:36 UTC] PHP   1. {main}() C:\wamp64\www\get_files\panel\search_by_date.php:0
[02-Aug-2020 04:33:04 UTC] PHP Parse error:  syntax error, unexpected '' (T_ENCAPSED_AND_WHITESPACE), expecting '-' or identifier (T_STRING) or variable (T_VARIABLE) or number (T_NUM_STRING) in C:\wamp64\www\get_files\panel\search_by_date.php on line 45
[02-Aug-2020 04:33:48 UTC] PHP Notice:  Undefined index: date in C:\wamp64\www\get_files\panel\search_by_date.php on line 42
[02-Aug-2020 04:33:48 UTC] PHP Stack trace:
[02-Aug-2020 04:33:48 UTC] PHP   1. {main}() C:\wamp64\www\get_files\panel\search_by_date.php:0
[02-Aug-2020 04:34:10 UTC] PHP Notice:  Undefined index: date in C:\wamp64\www\get_files\panel\search_by_date.php on line 42
[02-Aug-2020 04:34:11 UTC] PHP Stack trace:
[02-Aug-2020 04:34:11 UTC] PHP   1. {main}() C:\wamp64\www\get_files\panel\search_by_date.php:0
[02-Aug-2020 07:58:29 UTC] PHP Notice:  Undefined index: date in C:\wamp64\www\get_files\panel\search_by_date.php on line 42
[02-Aug-2020 07:58:29 UTC] PHP Stack trace:
[02-Aug-2020 07:58:29 UTC] PHP   1. {main}() C:\wamp64\www\get_files\panel\search_by_date.php:0
